
running 1 test
32 "src/mpt_circuit/tests/StorageLeafInFirstLevelAfterPlaceholder.json"
max expression degree: 20
num lookups: 53
num advices: 121
num fixed: 9
test mpt_circuit::tests::test_mpt ... FAILED

failures:

failures:
    mpt_circuit::tests::test_mpt

test result: FAILED. 0 passed; 1 failed; 0 ignored; 0 measured; 414 filtered out; finished in 6.27s

